<?xml version="1.0" encoding="utf-8"?><testsuites name="pytest tests"><testsuite name="pytest" errors="0" failures="0" skipped="0" tests="13" time="16.090" timestamp="2026-08-29T11:07:41.712595+00:00" hostname="agent-env-18ede24a-5b9b-4802-a6a3-21e788dcbda3"><testcase classname="tests.test_stream_tools.TestRegression" name="test_login_and_me" time="2.255" /><testcase classname="tests.test_stream_tools.TestRegression" name="test_agents_list" time="0.082" /><testcase classname="tests.test_stream_tools.TestRegression" name="test_tasks_crud" time="0.336" /><testcase classname="tests.test_stream_tools.TestRegression" name="test_telemetry" time="0.080" /><testcase classname="tests.test_stream_tools.TestRegression" name="test_non_streaming_chat" time="1.370" /><testcase classname="tests.test_stream_tools.TestChatStream" name="test_stream_event_order_and_tokens" time="2.218" /><testcase classname="tests.test_stream_tools.TestToolRequests" name="test_risky_message_emits_tool_request" time="5.464" /><testcase classname="tests.test_stream_tools.TestToolRequests" name="test_approve_executes_then_double_resolve_400" time="0.169" /><testcase classname="tests.test_stream_tools.TestToolRequests" name="test_resolve_bogus_id_404" time="0.089" /><testcase classname="tests.test_stream_tools.TestToolRequests" name="test_deny_flow" time="3.194" /><testcase classname="tests.test_stream_tools.TestChatStream" name="test_stream_requires_auth" time="0.259" /><testcase classname="tests.test_stream_tools.TestToolRequests" name="test_resolve_requires_auth" time="0.078" /><testcase classname="tests.test_stream_tools.TestToolRequests" name="test_activity_logs_tool_events" time="0.085" /></testsuite></testsuites>