<?xml version="1.0" encoding="utf-8"?><testsuites name="pytest tests"><testsuite name="pytest" errors="0" failures="0" skipped="0" tests="28" time="24.369" timestamp="2026-08-29T11:38:17.473435+00:00" hostname="agent-env-18ede24a-5b9b-4802-a6a3-21e788dcbda3"><testcase classname="tests.test_security.TestRegression" name="test_root" time="0.681" /><testcase classname="tests.test_security.TestChatValidation" name="test_oversize_message_stream_422" time="1.612" /><testcase classname="tests.test_security.TestRegression" name="test_authenticated_endpoints[agents]" time="1.157" /><testcase classname="tests.test_security.TestChatValidation" name="test_oversize_message_chat_422" time="0.209" /><testcase classname="tests.test_security.TestChatValidation" name="test_empty_message_422" time="0.240" /><testcase classname="tests.test_security.TestRegression" name="test_authenticated_endpoints[tasks]" time="0.278" /><testcase classname="tests.test_security.TestChatValidation" name="test_boundary_4000_accepted_and_streams" time="0.240" /><testcase classname="tests.test_security.TestRegression" name="test_authenticated_endpoints[system/telemetry]" time="0.993" /><testcase classname="tests.test_security.TestChatValidation" name="test_stream_happy_path_events" time="2.316" /><testcase classname="tests.test_security.TestRegression" name="test_authenticated_endpoints[activity]" time="0.208" /><testcase classname="tests.test_security.TestRegression" name="test_unauthenticated_endpoints_401[agents]" time="0.188" /><testcase classname="tests.test_security.TestRegression" name="test_unauthenticated_endpoints_401[tasks]" time="0.206" /><testcase classname="tests.test_security.TestRegression" name="test_unauthenticated_endpoints_401[system/telemetry]" time="0.195" /><testcase classname="tests.test_security.TestRegression" name="test_unauthenticated_endpoints_401[activity]" time="0.197" /><testcase classname="tests.test_security.TestRegression" name="test_bad_bearer_token_401" time="0.477" /><testcase classname="tests.test_security.TestJwtRotation" name="test_env_secret_is_strong_and_no_code_fallback" time="0.001" /><testcase classname="tests.test_security.TestJwtRotation" name="test_fresh_token_me_returns_user" time="0.214" /><testcase classname="tests.test_security.TestChatValidation" name="test_error_messages_are_redacted_in_source" time="0.002" /><testcase classname="tests.test_security.TestChatValidation" name="test_stream_unauthenticated_401" time="0.246" /><testcase classname="tests.test_security.TestJwtRotation" name="test_token_signed_with_old_secret_rejected[cortexa-super-secret-jwt-key-change-in-prod]" time="0.195" /><testcase classname="tests.test_security.TestBruteForceLockout" name="test_lockout_after_five_failures" time="8.308" /><testcase classname="tests.test_security.TestJwtRotation" name="test_token_signed_with_old_secret_rejected[dev-secret]" time="0.486" /><testcase classname="tests.test_security.TestJwtRotation" name="test_bcrypt_hash_format" time="2.812" /><testcase classname="tests.test_security.TestJwtRotation" name="test_unauthenticated_me_401" time="0.341" /><testcase classname="tests.test_security.TestCors" name="test_credentials_disabled_for_wildcard_origin" time="0.192" /><testcase classname="tests.test_security.TestBruteForceLockout" name="test_main_account_not_locked_after_cleanup" time="0.593" /><testcase classname="tests.test_security.TestLlmRateLimiter" name="test_check_llm_rate_raises_429_on_21st" time="5.108" /><testcase classname="tests.test_security.TestLlmRateLimiter" name="test_rate_window_eviction" time="0.002" /></testsuite></testsuites>