<?xml version="1.0" encoding="utf-8"?><testsuites name="pytest tests"><testsuite name="pytest" errors="0" failures="1" skipped="0" tests="28" time="26.099" timestamp="2026-08-29T10:33:34.830755+00:00" hostname="agent-env-18ede24a-5b9b-4802-a6a3-21e788dcbda3"><testcase classname="tests.backend_test" name="test_root" time="5.951" /><testcase classname="tests.backend_test" name="test_register_seeds_agents" time="0.631" /><testcase classname="tests.backend_test" name="test_register_duplicate_email" time="0.059" /><testcase classname="tests.backend_test" name="test_login_seeded_user" time="0.513" /><testcase classname="tests.backend_test" name="test_login_wrong_password" time="0.454" /><testcase classname="tests.backend_test" name="test_me" time="0.052" /><testcase classname="tests.backend_test" name="test_me_no_token" time="0.260" /><testcase classname="tests.backend_test" name="test_me_bad_token" time="0.237" /><testcase classname="tests.backend_test" name="test_protected_endpoints_require_auth[get-/agents]" time="0.213" /><testcase classname="tests.backend_test" name="test_protected_endpoints_require_auth[post-/agents]" time="0.208" /><testcase classname="tests.backend_test" name="test_protected_endpoints_require_auth[get-/memory]" time="0.203" /><testcase classname="tests.backend_test" name="test_protected_endpoints_require_auth[post-/memory]" time="0.181" /><testcase classname="tests.backend_test" name="test_protected_endpoints_require_auth[get-/tasks]" time="0.196" /><testcase classname="tests.backend_test" name="test_protected_endpoints_require_auth[post-/tasks]" time="0.176" /><testcase classname="tests.backend_test" name="test_protected_endpoints_require_auth[get-/activity]" time="0.188" /><testcase classname="tests.backend_test" name="test_protected_endpoints_require_auth[get-/system/telemetry]" time="0.210" /><testcase classname="tests.backend_test" name="test_protected_endpoints_require_auth[post-/chat]" time="0.188" /><testcase classname="tests.backend_test" name="test_protected_endpoints_require_auth[get-/devices]" time="0.155" /><testcase classname="tests.backend_test" name="test_protected_endpoints_require_auth[post-/devices/activate]" time="0.174" /><testcase classname="tests.backend_test" name="test_device_activate_and_list" time="0.095" /><testcase classname="tests.backend_test" name="test_agent_create_get_delete" time="0.187" /><testcase classname="tests.backend_test" name="test_agent_not_deletable_by_other_user" time="0.624" /><testcase classname="tests.backend_test" name="test_memory_crud_and_scoping" time="0.287" /><testcase classname="tests.backend_test" name="test_task_add_list_update" time="0.220" /><testcase classname="tests.backend_test" name="test_task_update_missing_id" time="0.058"><failure message="AssertionError: expected 404 for unknown task id, got 500&#10;assert 500 == 404&#10; +  where 500 = &lt;Response [500]&gt;.status_code">E   AssertionError: expected 404 for unknown task id, got 500
    assert 500 == 404
     +  where 500 = &lt;Response [500]&gt;.status_code</failure></testcase><testcase classname="tests.backend_test" name="test_telemetry" time="0.063" /><testcase classname="tests.backend_test" name="test_chat_and_session_reuse" time="10.458" /><testcase classname="tests.backend_test" name="test_activity_after_chat" time="0.050" /></testsuite></testsuites>